Rendering to 1024x1024 image
Loaded scene with 315 circles
Loaded scene with 315 circles
---------------------------------------------------------
Initializing CUDA for CudaRenderer
Found 1 CUDA devices
Device 0: NVIDIA GeForce MX570
   SMs:        16
   Global mem: 1862 MB
   CUDA Cap:   8.6
---------------------------------------------------------

Running benchmark, 1 frames, beginning at frame 0 ...
Dumping frames to output_xxx.ppm
Copying image data from device
Wrote image file output_0000.ppm
Copying image data from device
***************** Correctness check passed **************************
Clear:    2.3419 ms
Advance:  0.5372 ms
Render:   25.1631 ms
Total:    28.0422 ms
File IO:  920.9660 ms

Overall:  1.1099 sec (note units are seconds)
