Rendering to 1024x1024 image
Loaded scene with 100000 circles
Loaded scene with 100000 circles
---------------------------------------------------------
Initializing CUDA for CudaRenderer
Found 1 CUDA devices
Device 0: NVIDIA GeForce MX570
   SMs:        16
   Global mem: 1862 MB
   CUDA Cap:   8.6
---------------------------------------------------------

Running benchmark, 1 frames, beginning at frame 0 ...
Dumping frames to output_xxx.ppm
Copying image data from device
Wrote image file output_0000.ppm
Copying image data from device
***************** Correctness check passed **************************
Clear:    0.3263 ms
Advance:  0.0014 ms
Render:   1549.0907 ms
Total:    1549.4183 ms
File IO:  123.5739 ms

Overall:  7.5083 sec (note units are seconds)
