Rendering to 1024x1024 image
Loaded scene with 100000 circles
---------------------------------------------------------
Initializing CUDA for CudaRenderer
Found 1 CUDA devices
Device 0: NVIDIA GeForce MX570
   SMs:        16
   Global mem: 1862 MB
   CUDA Cap:   8.6
---------------------------------------------------------
WARNING: You're not running on a fast GPU, please consider using NVIDIA GTX 480, 670 or 780.
---------------------------------------------------------

Running benchmark, 4 frames, beginning at frame 0 ...
Dumping frames to output_xxx.ppm
Copying image data from device
Wrote image file output_0000.ppm
Copying image data from device
Wrote image file output_0001.ppm
Copying image data from device
Wrote image file output_0002.ppm
Copying image data from device
Wrote image file output_0003.ppm
Clear:    0.2816 ms
Advance:  0.0010 ms
Render:   76.6054 ms
Total:    76.8880 ms
File IO:  102.9571 ms

Overall:  0.7194 sec (note units are seconds)
